<?xml version="1.0" encoding="UTF-8"?>
<testsuite xmlns:xsi="http://www.w3.org/2001/XMLSchema-instance" xsi:noNamespaceSchemaLocation="https://maven.apache.org/surefire/maven-surefire-plugin/xsd/surefire-test-report-3.0.xsd" version="3.0" name="TestSuite" time="9.639" tests="2" errors="0" skipped="0" failures="2">
  <properties>
    <property name="sun.desktop" value="windows"/>
    <property name="awt.toolkit" value="sun.awt.windows.WToolkit"/>
    <property name="java.specification.version" value="12"/>
    <property name="sun.cpu.isalist" value="amd64"/>
    <property name="sun.jnu.encoding" value="Cp1252"/>
    <property name="java.class.path" value="C:\Users\s0s04y3\Desktop\API_Test_Project\APITesting\target\test-classes;C:\Users\s0s04y3\Desktop\API_Test_Project\APITesting\target\classes;C:\Users\s0s04y3\.m2\repository\io\rest-assured\rest-assured\4.0.0\rest-assured-4.0.0.jar;C:\Users\s0s04y3\.m2\repository\org\codehaus\groovy\groovy\2.5.6\groovy-2.5.6.jar;C:\Users\s0s04y3\.m2\repository\org\codehaus\groovy\groovy-xml\2.5.6\groovy-xml-2.5.6.jar;C:\Users\s0s04y3\.m2\repository\org\apache\httpcomponents\httpclient\4.5.3\httpclient-4.5.3.jar;C:\Users\s0s04y3\.m2\repository\org\apache\httpcomponents\httpcore\4.4.6\httpcore-4.4.6.jar;C:\Users\s0s04y3\.m2\repository\commons-logging\commons-logging\1.2\commons-logging-1.2.jar;C:\Users\s0s04y3\.m2\repository\org\apache\httpcomponents\httpmime\4.5.3\httpmime-4.5.3.jar;C:\Users\s0s04y3\.m2\repository\org\hamcrest\hamcrest-core\2.1\hamcrest-core-2.1.jar;C:\Users\s0s04y3\.m2\repository\org\hamcrest\hamcrest\2.1\hamcrest-2.1.jar;C:\Users\s0s04y3\.m2\repository\org\hamcrest\hamcrest-library\2.1\hamcrest-library-2.1.jar;C:\Users\s0s04y3\.m2\repository\org\ccil\cowan\tagsoup\tagsoup\1.2.1\tagsoup-1.2.1.jar;C:\Users\s0s04y3\.m2\repository\io\rest-assured\json-path\4.0.0\json-path-4.0.0.jar;C:\Users\s0s04y3\.m2\repository\org\codehaus\groovy\groovy-json\2.5.6\groovy-json-2.5.6.jar;C:\Users\s0s04y3\.m2\repository\io\rest-assured\rest-assured-common\4.0.0\rest-assured-common-4.0.0.jar;C:\Users\s0s04y3\.m2\repository\io\rest-assured\xml-path\4.0.0\xml-path-4.0.0.jar;C:\Users\s0s04y3\.m2\repository\org\apache\commons\commons-lang3\3.4\commons-lang3-3.4.jar;C:\Users\s0s04y3\.m2\repository\javax\xml\bind\jaxb-api\2.2.12\jaxb-api-2.2.12.jar;C:\Users\s0s04y3\.m2\repository\com\sun\xml\bind\jaxb-osgi\2.2.10\jaxb-osgi-2.2.10.jar;C:\Users\s0s04y3\.m2\repository\org\apache\sling\org.apache.sling.javax.activation\0.1.0\org.apache.sling.javax.activation-0.1.0.jar;C:\Users\s0s04y3\.m2\repository\javax\activation\activation\1.1.1\activation-1.1.1.jar;C:\Users\s0s04y3\.m2\repository\io\rest-assured\json-schema-validator\4.0.0\json-schema-validator-4.0.0.jar;C:\Users\s0s04y3\.m2\repository\com\github\java-json-tools\json-schema-validator\2.2.10\json-schema-validator-2.2.10.jar;C:\Users\s0s04y3\.m2\repository\com\github\java-json-tools\json-schema-core\1.2.10\json-schema-core-1.2.10.jar;C:\Users\s0s04y3\.m2\repository\com\github\java-json-tools\jackson-coreutils\1.9\jackson-coreutils-1.9.jar;C:\Users\s0s04y3\.m2\repository\com\fasterxml\jackson\core\jackson-databind\2.2.3\jackson-databind-2.2.3.jar;C:\Users\s0s04y3\.m2\repository\com\fasterxml\jackson\core\jackson-annotations\2.2.3\jackson-annotations-2.2.3.jar;C:\Users\s0s04y3\.m2\repository\com\fasterxml\jackson\core\jackson-core\2.2.3\jackson-core-2.2.3.jar;C:\Users\s0s04y3\.m2\repository\com\google\guava\guava\16.0.1\guava-16.0.1.jar;C:\Users\s0s04y3\.m2\repository\com\github\fge\msg-simple\1.1\msg-simple-1.1.jar;C:\Users\s0s04y3\.m2\repository\com\github\fge\btf\1.2\btf-1.2.jar;C:\Users\s0s04y3\.m2\repository\com\github\fge\uri-template\0.9\uri-template-0.9.jar;C:\Users\s0s04y3\.m2\repository\org\mozilla\rhino\1.7.7.1\rhino-1.7.7.1.jar;C:\Users\s0s04y3\.m2\repository\javax\mail\mailapi\1.4.3\mailapi-1.4.3.jar;C:\Users\s0s04y3\.m2\repository\joda-time\joda-time\2.9.7\joda-time-2.9.7.jar;C:\Users\s0s04y3\.m2\repository\com\googlecode\libphonenumber\libphonenumber\8.0.0\libphonenumber-8.0.0.jar;C:\Users\s0s04y3\.m2\repository\com\google\code\findbugs\jsr305\3.0.1\jsr305-3.0.1.jar;C:\Users\s0s04y3\.m2\repository\net\sf\jopt-simple\jopt-simple\5.0.3\jopt-simple-5.0.3.jar;C:\Users\s0s04y3\.m2\repository\dom4j\dom4j\1.6.1\dom4j-1.6.1.jar;C:\Users\s0s04y3\.m2\repository\xml-apis\xml-apis\1.0.b2\xml-apis-1.0.b2.jar;C:\Users\s0s04y3\.m2\repository\org\javatuples\javatuples\1.2\javatuples-1.2.jar;C:\Users\s0s04y3\.m2\repository\com\beust\jcommander\1.72\jcommander-1.72.jar;C:\Users\s0s04y3\.m2\repository\log4j\log4j\1.2.17\log4j-1.2.17.jar;C:\Users\s0s04y3\.m2\repository\org\apache\poi\poi\4.1.0\poi-4.1.0.jar;C:\Users\s0s04y3\.m2\repository\commons-codec\commons-codec\1.12\commons-codec-1.12.jar;C:\Users\s0s04y3\.m2\repository\org\apache\commons\commons-collections4\4.3\commons-collections4-4.3.jar;C:\Users\s0s04y3\.m2\repository\org\apache\commons\commons-math3\3.6.1\commons-math3-3.6.1.jar;C:\Users\s0s04y3\.m2\repository\org\apache\poi\poi-ooxml\4.1.0\poi-ooxml-4.1.0.jar;C:\Users\s0s04y3\.m2\repository\org\apache\commons\commons-compress\1.18\commons-compress-1.18.jar;C:\Users\s0s04y3\.m2\repository\com\github\virtuald\curvesapi\1.06\curvesapi-1.06.jar;C:\Users\s0s04y3\.m2\repository\org\apache\poi\poi-ooxml-schemas\4.1.0\poi-ooxml-schemas-4.1.0.jar;C:\Users\s0s04y3\.m2\repository\org\testng\testng\6.14.3\testng-6.14.3.jar;C:\Users\s0s04y3\.m2\repository\org\apache-extras\beanshell\bsh\2.0b6\bsh-2.0b6.jar;C:\Users\s0s04y3\.m2\repository\org\apache\xmlbeans\xmlbeans\3.1.0\xmlbeans-3.1.0.jar;C:\Users\s0s04y3\.m2\repository\com\google\code\gson\gson\2.8.1\gson-2.8.1.jar;"/>
    <property name="java.vm.vendor" value="Oracle Corporation"/>
    <property name="sun.arch.data.model" value="64"/>
    <property name="user.variant" value=""/>
    <property name="java.vendor.url" value="https://java.oracle.com/"/>
    <property name="user.timezone" value="Asia/Calcutta"/>
    <property name="os.name" value="Windows 10"/>
    <property name="java.vm.specification.version" value="12"/>
    <property name="sun.java.launcher" value="SUN_STANDARD"/>
    <property name="user.country" value="US"/>
    <property name="sun.boot.library.path" value="C:\Program Files\java\jdk-12.0.1\bin"/>
    <property name="sun.java.command" value="C:\Users\s0s04y3\AppData\Local\Temp\surefire575976144118587105\surefirebooter11219089612205058757.jar C:\Users\s0s04y3\AppData\Local\Temp\surefire575976144118587105 2019-06-13T11-05-16_695-jvmRun1 surefire17519629456267527823tmp surefire_06534328083329482951tmp"/>
    <property name="jdk.debug" value="release"/>
    <property name="surefire.test.class.path" value="C:\Users\s0s04y3\Desktop\API_Test_Project\APITesting\target\test-classes;C:\Users\s0s04y3\Desktop\API_Test_Project\APITesting\target\classes;C:\Users\s0s04y3\.m2\repository\io\rest-assured\rest-assured\4.0.0\rest-assured-4.0.0.jar;C:\Users\s0s04y3\.m2\repository\org\codehaus\groovy\groovy\2.5.6\groovy-2.5.6.jar;C:\Users\s0s04y3\.m2\repository\org\codehaus\groovy\groovy-xml\2.5.6\groovy-xml-2.5.6.jar;C:\Users\s0s04y3\.m2\repository\org\apache\httpcomponents\httpclient\4.5.3\httpclient-4.5.3.jar;C:\Users\s0s04y3\.m2\repository\org\apache\httpcomponents\httpcore\4.4.6\httpcore-4.4.6.jar;C:\Users\s0s04y3\.m2\repository\commons-logging\commons-logging\1.2\commons-logging-1.2.jar;C:\Users\s0s04y3\.m2\repository\org\apache\httpcomponents\httpmime\4.5.3\httpmime-4.5.3.jar;C:\Users\s0s04y3\.m2\repository\org\hamcrest\hamcrest-core\2.1\hamcrest-core-2.1.jar;C:\Users\s0s04y3\.m2\repository\org\hamcrest\hamcrest\2.1\hamcrest-2.1.jar;C:\Users\s0s04y3\.m2\repository\org\hamcrest\hamcrest-library\2.1\hamcrest-library-2.1.jar;C:\Users\s0s04y3\.m2\repository\org\ccil\cowan\tagsoup\tagsoup\1.2.1\tagsoup-1.2.1.jar;C:\Users\s0s04y3\.m2\repository\io\rest-assured\json-path\4.0.0\json-path-4.0.0.jar;C:\Users\s0s04y3\.m2\repository\org\codehaus\groovy\groovy-json\2.5.6\groovy-json-2.5.6.jar;C:\Users\s0s04y3\.m2\repository\io\rest-assured\rest-assured-common\4.0.0\rest-assured-common-4.0.0.jar;C:\Users\s0s04y3\.m2\repository\io\rest-assured\xml-path\4.0.0\xml-path-4.0.0.jar;C:\Users\s0s04y3\.m2\repository\org\apache\commons\commons-lang3\3.4\commons-lang3-3.4.jar;C:\Users\s0s04y3\.m2\repository\javax\xml\bind\jaxb-api\2.2.12\jaxb-api-2.2.12.jar;C:\Users\s0s04y3\.m2\repository\com\sun\xml\bind\jaxb-osgi\2.2.10\jaxb-osgi-2.2.10.jar;C:\Users\s0s04y3\.m2\repository\org\apache\sling\org.apache.sling.javax.activation\0.1.0\org.apache.sling.javax.activation-0.1.0.jar;C:\Users\s0s04y3\.m2\repository\javax\activation\activation\1.1.1\activation-1.1.1.jar;C:\Users\s0s04y3\.m2\repository\io\rest-assured\json-schema-validator\4.0.0\json-schema-validator-4.0.0.jar;C:\Users\s0s04y3\.m2\repository\com\github\java-json-tools\json-schema-validator\2.2.10\json-schema-validator-2.2.10.jar;C:\Users\s0s04y3\.m2\repository\com\github\java-json-tools\json-schema-core\1.2.10\json-schema-core-1.2.10.jar;C:\Users\s0s04y3\.m2\repository\com\github\java-json-tools\jackson-coreutils\1.9\jackson-coreutils-1.9.jar;C:\Users\s0s04y3\.m2\repository\com\fasterxml\jackson\core\jackson-databind\2.2.3\jackson-databind-2.2.3.jar;C:\Users\s0s04y3\.m2\repository\com\fasterxml\jackson\core\jackson-annotations\2.2.3\jackson-annotations-2.2.3.jar;C:\Users\s0s04y3\.m2\repository\com\fasterxml\jackson\core\jackson-core\2.2.3\jackson-core-2.2.3.jar;C:\Users\s0s04y3\.m2\repository\com\google\guava\guava\16.0.1\guava-16.0.1.jar;C:\Users\s0s04y3\.m2\repository\com\github\fge\msg-simple\1.1\msg-simple-1.1.jar;C:\Users\s0s04y3\.m2\repository\com\github\fge\btf\1.2\btf-1.2.jar;C:\Users\s0s04y3\.m2\repository\com\github\fge\uri-template\0.9\uri-template-0.9.jar;C:\Users\s0s04y3\.m2\repository\org\mozilla\rhino\1.7.7.1\rhino-1.7.7.1.jar;C:\Users\s0s04y3\.m2\repository\javax\mail\mailapi\1.4.3\mailapi-1.4.3.jar;C:\Users\s0s04y3\.m2\repository\joda-time\joda-time\2.9.7\joda-time-2.9.7.jar;C:\Users\s0s04y3\.m2\repository\com\googlecode\libphonenumber\libphonenumber\8.0.0\libphonenumber-8.0.0.jar;C:\Users\s0s04y3\.m2\repository\com\google\code\findbugs\jsr305\3.0.1\jsr305-3.0.1.jar;C:\Users\s0s04y3\.m2\repository\net\sf\jopt-simple\jopt-simple\5.0.3\jopt-simple-5.0.3.jar;C:\Users\s0s04y3\.m2\repository\dom4j\dom4j\1.6.1\dom4j-1.6.1.jar;C:\Users\s0s04y3\.m2\repository\xml-apis\xml-apis\1.0.b2\xml-apis-1.0.b2.jar;C:\Users\s0s04y3\.m2\repository\org\javatuples\javatuples\1.2\javatuples-1.2.jar;C:\Users\s0s04y3\.m2\repository\com\beust\jcommander\1.72\jcommander-1.72.jar;C:\Users\s0s04y3\.m2\repository\log4j\log4j\1.2.17\log4j-1.2.17.jar;C:\Users\s0s04y3\.m2\repository\org\apache\poi\poi\4.1.0\poi-4.1.0.jar;C:\Users\s0s04y3\.m2\repository\commons-codec\commons-codec\1.12\commons-codec-1.12.jar;C:\Users\s0s04y3\.m2\repository\org\apache\commons\commons-collections4\4.3\commons-collections4-4.3.jar;C:\Users\s0s04y3\.m2\repository\org\apache\commons\commons-math3\3.6.1\commons-math3-3.6.1.jar;C:\Users\s0s04y3\.m2\repository\org\apache\poi\poi-ooxml\4.1.0\poi-ooxml-4.1.0.jar;C:\Users\s0s04y3\.m2\repository\org\apache\commons\commons-compress\1.18\commons-compress-1.18.jar;C:\Users\s0s04y3\.m2\repository\com\github\virtuald\curvesapi\1.06\curvesapi-1.06.jar;C:\Users\s0s04y3\.m2\repository\org\apache\poi\poi-ooxml-schemas\4.1.0\poi-ooxml-schemas-4.1.0.jar;C:\Users\s0s04y3\.m2\repository\org\testng\testng\6.14.3\testng-6.14.3.jar;C:\Users\s0s04y3\.m2\repository\org\apache-extras\beanshell\bsh\2.0b6\bsh-2.0b6.jar;C:\Users\s0s04y3\.m2\repository\org\apache\xmlbeans\xmlbeans\3.1.0\xmlbeans-3.1.0.jar;C:\Users\s0s04y3\.m2\repository\com\google\code\gson\gson\2.8.1\gson-2.8.1.jar;"/>
    <property name="sun.cpu.endian" value="little"/>
    <property name="user.home" value="C:\Users\s0s04y3"/>
    <property name="user.language" value="en"/>
    <property name="java.specification.vendor" value="Oracle Corporation"/>
    <property name="java.version.date" value="2019-04-16"/>
    <property name="java.home" value="C:\Program Files\java\jdk-12.0.1"/>
    <property name="file.separator" value="\"/>
    <property name="basedir" value="C:\Users\s0s04y3\Desktop\API_Test_Project\APITesting"/>
    <property name="java.vm.compressedOopsMode" value="Zero based"/>
    <property name="line.separator" value="&#10;"/>
    <property name="java.vm.specification.vendor" value="Oracle Corporation"/>
    <property name="java.specification.name" value="Java Platform API Specification"/>
    <property name="java.awt.graphicsenv" value="sun.awt.Win32GraphicsEnvironment"/>
    <property name="surefire.real.class.path" value="C:\Users\s0s04y3\AppData\Local\Temp\surefire575976144118587105\surefirebooter11219089612205058757.jar"/>
    <property name="user.script" value=""/>
    <property name="sun.management.compiler" value="HotSpot 64-Bit Tiered Compilers"/>
    <property name="java.runtime.version" value="12.0.1+12"/>
    <property name="user.name" value="s0s04y3"/>
    <property name="path.separator" value=";"/>
    <property name="os.version" value="10.0"/>
    <property name="java.runtime.name" value="Java(TM) SE Runtime Environment"/>
    <property name="file.encoding" value="Cp1252"/>
    <property name="java.vm.name" value="Java HotSpot(TM) 64-Bit Server VM"/>
    <property name="localRepository" value="C:\Users\s0s04y3\.m2\repository"/>
    <property name="java.vendor.url.bug" value="https://bugreport.java.com/bugreport/"/>
    <property name="java.io.tmpdir" value="C:\Users\s0s04y3\AppData\Local\Temp\"/>
    <property name="java.version" value="12.0.1"/>
    <property name="user.dir" value="C:\Users\s0s04y3\Desktop\API_Test_Project\APITesting"/>
    <property name="os.arch" value="amd64"/>
    <property name="java.vm.specification.name" value="Java Virtual Machine Specification"/>
    <property name="sun.os.patch.level" value=""/>
    <property name="java.library.path" value="C:\Program Files\java\jdk-12.0.1\bin;C:\WINDOWS\Sun\Java\bin;C:\WINDOWS\system32;C:\WINDOWS;C:\Program Files (x86)\RSA SecurID Token Common;C:\Program Files\RSA SecurID Token Common;C:\ProgramData\Oracle\Java\javapath;C:\WINDOWS\system32;C:\WINDOWS;C:\WINDOWS\System32\Wbem;C:\WINDOWS\System32\WindowsPowerShell\v1.0\;C:\WINDOWS\System32\OpenSSH\;C:\WINDOWS\system32\config\systemprofile\AppData\Local\Microsoft\WindowsApps;C:\Program Files (x86)\Adaptiva\AdaptivaClient\bin\x32;C:\Program Files (x86)\Adaptiva\AdaptivaClient\bin\x64;C:\Program Files (x86)\Sennheiser\SoftphoneSDK\;C:\Users\s0s04y3\AppData\Local\Programs\Python\Python37;C:\Users\s0s04y3\AppData\Local\Programs\Python\Python37\Scripts;C:\Users\s0s04y3\AppData\Local\Programs\Git\bin;C:\Users\s0s04y3\AppData\Local\Programs\Git\cmd;C:\Users\s0s04y3\AppData\Local\Maven\apache-maven-3.6.1-bin\apache-maven-3.6.1\bin;C:\Users\s0s04y3\AppData\Local\Microsoft\WindowsApps;C:\Users\s0s04y3\AppData\Local\JetBrains\IntelliJ IDEA Community Edition 2019.1.3\bin;C:\Users\s0s04y3\AppData\Local\Programs\Fiddler;C:\Users\s0s04y3\AppData\Local\Programs\Git\cmd;."/>
    <property name="java.vm.info" value="mixed mode, sharing"/>
    <property name="java.vendor" value="Oracle Corporation"/>
    <property name="java.vm.version" value="12.0.1+12"/>
    <property name="sun.io.unicode.encoding" value="UnicodeLittle"/>
    <property name="java.class.version" value="56.0"/>
  </properties>
  <testcase name="runTest" classname="MavenFramework.Testers" time="1.141">
    <failure message="Failed to parse the JSON document" type="io.restassured.path.json.exception.JsonPathException">io.restassured.path.json.exception.JsonPathException: Failed to parse the JSON document
	at MavenFramework.Testers.runTest(Testers.java:46)
Caused by: groovy.json.JsonException: Lexing failed on line: 1, column: 18, while reading 'S', no possible valid JSON value or punctuation could be recognized.
	at MavenFramework.Testers.runTest(Testers.java:46)
</failure>
    <system-out><![CDATA[SHEET SET
IN FOR____________________________1
name:vivek , salary:123 
{request=io.restassured.internal.RequestSpecificationImpl@60297f36, testNo=1, method=post, resource=/api/v1/create, response={name=vivek, salary=123}, responseCode=200}
IN FOR____________________________2
id:2 , employee_salary:170750
{request=io.restassured.internal.RequestSpecificationImpl@1bf0f6f6, testNo=2, method=get, resource=/api/v1/employee/2, response={employee_salary=170750, id=2}, responseCode=200}
KEYWORD POST
]]></system-out>
    <system-err><![CDATA[log4j:WARN No appenders could be found for logger (MavenFramework.Keywords).
log4j:WARN Please initialize the log4j system properly.
log4j:WARN See http://logging.apache.org/log4j/1.2/faq.html#noconfig for more info.
]]></system-err>
  </testcase>
  <testcase name="runTest" classname="MavenFramework.Testers" time="0.819">
    <failure message="Failed to parse the JSON document" type="io.restassured.path.json.exception.JsonPathException">io.restassured.path.json.exception.JsonPathException: Failed to parse the JSON document
	at MavenFramework.Testers.runTest(Testers.java:46)
Caused by: groovy.json.JsonException: 
A JSON payload should start with an openning curly brace '{' or an openning square bracket '['.
Instead, 'false' was found on line: 1, column: 1
	at MavenFramework.Testers.runTest(Testers.java:46)
</failure>
    <system-out><![CDATA[KEYWORD GET
]]></system-out>
  </testcase>
</testsuite>