<?xml version="1.0" encoding="UTF-8"?>
<!-- Generated by org.testng.reporters.JUnitReportReporter -->
<testsuite hostname="L10-2P3JVF2" failures="0" tests="2" name="MavenFramework.Testers" time="4.342" errors="0" timestamp="13 Jun 2019 06:54:42 GMT" skipped="0">
  <testcase classname="MavenFramework.Testers" name="runTest" time="0.829"/>
  <testcase classname="MavenFramework.Testers" name="runTest" time="3.513"/>
</testsuite> <!-- MavenFramework.Testers -->
